<?xml version="1.0" encoding="UTF-8"?>
<testng-results ignored="0" total="1" passed="1" failed="0" skipped="0">
  <reporter-output>
  </reporter-output>
  <suite started-at="2023-02-17T11:12:30 IST" name="Suite" finished-at="2023-02-17T11:12:46 IST" duration-ms="16727">
    <groups>
    </groups>
    <test started-at="2023-02-17T11:12:30 IST" name="ChromeTest" finished-at="2023-02-17T11:12:46 IST" duration-ms="16727">
      <class name="TestNgPack1.test1">
        <test-method is-config="true" signature="openBrowser(java.lang.String)[pri:0, instance:TestNgPack1.test1@635eaaf1]" started-at="2023-02-17T11:12:30 IST" name="openBrowser" finished-at="2023-02-17T11:12:32 IST" duration-ms="2661" status="PASS">
          <params>
            <param index="0">
              <value>
                <![CDATA[Chrome]]>
              </value>
            </param>
          </params>
          <reporter-output>
          </reporter-output>
        </test-method> <!-- openBrowser -->
        <test-method is-config="true" signature="classObject()[pri:0, instance:TestNgPack1.test1@635eaaf1]" started-at="2023-02-17T11:12:32 IST" name="classObject" finished-at="2023-02-17T11:12:32 IST" duration-ms="82" status="PASS">
          <reporter-output>
          </reporter-output>
        </test-method> <!-- classObject -->
        <test-method is-config="true" signature="openUrl()[pri:0, instance:TestNgPack1.test1@635eaaf1]" started-at="2023-02-17T11:12:32 IST" name="openUrl" finished-at="2023-02-17T11:12:34 IST" duration-ms="2017" status="PASS">
          <reporter-output>
          </reporter-output>
        </test-method> <!-- openUrl -->
        <test-method signature="test1()[pri:0, instance:TestNgPack1.test1@635eaaf1]" started-at="2023-02-17T11:12:34 IST" name="test1" finished-at="2023-02-17T11:12:46 IST" duration-ms="11257" status="PASS">
          <reporter-output>
          </reporter-output>
        </test-method> <!-- test1 -->
        <test-method is-config="true" signature="back()[pri:0, instance:TestNgPack1.test1@635eaaf1]" started-at="2023-02-17T11:12:46 IST" name="back" finished-at="2023-02-17T11:12:46 IST" duration-ms="0" status="PASS">
          <reporter-output>
          </reporter-output>
        </test-method> <!-- back -->
        <test-method is-config="true" signature="classnull()[pri:0, instance:TestNgPack1.test1@635eaaf1]" started-at="2023-02-17T11:12:46 IST" name="classnull" finished-at="2023-02-17T11:12:46 IST" duration-ms="1" status="PASS">
          <reporter-output>
          </reporter-output>
        </test-method> <!-- classnull -->
        <test-method is-config="true" signature="close()[pri:0, instance:TestNgPack1.test1@635eaaf1]" started-at="2023-02-17T11:12:46 IST" name="close" finished-at="2023-02-17T11:12:46 IST" duration-ms="571" status="PASS">
          <reporter-output>
          </reporter-output>
        </test-method> <!-- close -->
      </class> <!-- TestNgPack1.test1 -->
    </test> <!-- ChromeTest -->
  </suite> <!-- Suite -->
</testng-results>
