<?xml version="1.0" encoding="UTF-8"?>
<!-- Generated by org.testng.reporters.JUnitXMLReporter -->
<testsuite ignored="0" hostname="DESKTOP-5A7ANQT" failures="3" tests="8" name="EdgeTest" time="163.334" errors="0" timestamp="2023-02-10T11:48:42 IST">
  <testcase classname="TestNGPack.TestNgClass1" name="verifyKids" time="0.463">
    <failure type="java.lang.NullPointerException" message="Cannot invoke &amp;quot;org.testng.asserts.SoftAssert.assertEquals(String, String)&amp;quot; because &amp;quot;this.softAssert&amp;quot; is null">
      <![CDATA[java.lang.NullPointerException: Cannot invoke "org.testng.asserts.SoftAssert.assertEquals(String, String)" because "this.softAssert" is null
at TestNGPack.TestNgClass1.verifyKids(TestNgClass1.java:85)
at java.base/java.util.concurrent.ThreadPoolExecutor.runWorker(ThreadPoolExecutor.java:1136)
at java.base/java.util.concurrent.ThreadPoolExecutor$Worker.run(ThreadPoolExecutor.java:635)
at java.base/java.lang.Thread.run(Thread.java:833)
... Removed 10 stack frames]]>
    </failure>
  </testcase> <!-- verifyKids -->
  <testcase classname="TestNGPack.TestNgClass" name="verifyNeedHelpText" time="0.06"/>
  <testcase classname="TestNGPack.TestNgClass1" name="verifyNeedHelpText" time="0.05">
    <failure type="java.lang.NullPointerException" message="Cannot invoke &amp;quot;org.testng.asserts.SoftAssert.assertEquals(String, String)&amp;quot; because &amp;quot;this.softAssert&amp;quot; is null">
      <![CDATA[java.lang.NullPointerException: Cannot invoke "org.testng.asserts.SoftAssert.assertEquals(String, String)" because "this.softAssert" is null
at TestNGPack.TestNgClass1.verifyNeedHelpText(TestNgClass1.java:77)
at java.base/java.util.concurrent.ThreadPoolExecutor.runWorker(ThreadPoolExecutor.java:1136)
at java.base/java.util.concurrent.ThreadPoolExecutor$Worker.run(ThreadPoolExecutor.java:635)
at java.base/java.lang.Thread.run(Thread.java:833)
... Removed 10 stack frames]]>
    </failure>
  </testcase> <!-- verifyNeedHelpText -->
  <testcase classname="TestNGPack.TestNgClass" name="verifyText" time="5.461"/>
  <testcase classname="TestNGPack.TestNgClass2" name="verifyURL2" time="14.559"/>
  <testcase classname="TestNGPack.TestNgClass1" name="verifyText" time="0.388">
    <failure type="java.lang.NullPointerException" message="Cannot invoke &amp;quot;org.testng.asserts.SoftAssert.assertEquals(String, String)&amp;quot; because &amp;quot;this.softAssert&amp;quot; is null">
      <![CDATA[java.lang.NullPointerException: Cannot invoke "org.testng.asserts.SoftAssert.assertEquals(String, String)" because "this.softAssert" is null
at TestNGPack.TestNgClass1.verifyText(TestNgClass1.java:69)
at java.base/java.util.concurrent.ThreadPoolExecutor.runWorker(ThreadPoolExecutor.java:1136)
at java.base/java.util.concurrent.ThreadPoolExecutor$Worker.run(ThreadPoolExecutor.java:635)
at java.base/java.lang.Thread.run(Thread.java:833)
... Removed 10 stack frames]]>
    </failure>
  </testcase> <!-- verifyText -->
  <testcase classname="TestNGPack.TestNgClass" name="verifyURLAndTitle" time="5.637"/>
  <testcase classname="TestNGPack.TestNgClass2" name="verifyUrl" time="1.685"/>
</testsuite> <!-- EdgeTest -->
